  glm.cpp
  imgui.cpp
  imgui_demo.cpp
  imgui_draw.cpp
  imgui_impl_glfw_gl3.cpp
  App.cpp
  IndexBuffer.cpp
  Renderer.cpp
  Shaders.cpp
  TestClearColor.cpp
  Tests.cpp
  Textures.cpp
  VertexArray.cpp
C:\Users\juang\Desktop\Test\OpenGL-Project-1\OpenGL1\OpenGL1\source\OGL1\VertexArray\VertexArray.cpp(29,3): warning C4312: 'conversión de tipo': conversión de 'unsigned int' a 'const void *' de mayor tamaño
  VertexBuffer.cpp
  stb_image.cpp
  Generando código...
imgui_impl_glfw_gl3.obj : error LNK2019: símbolo externo __imp_glBindTexture sin resolver al que se hace referencia en la función "bool __cdecl ImGui_ImplGlfwGL3_CreateDeviceObjects(void)" (?ImGui_ImplGlfwGL3_CreateDeviceObjects@@YA_NXZ)
Textures.obj : error LNK2001: símbolo externo __imp_glBindTexture sin resolver
imgui_impl_glfw_gl3.obj : error LNK2019: símbolo externo __imp_glBlendFunc sin resolver al que se hace referencia en la función "void __cdecl ImGui_ImplGlfwGL3_RenderDrawData(struct ImDrawData *)" (?ImGui_ImplGlfwGL3_RenderDrawData@@YAXPEAUImDrawData@@@Z)
App.obj : error LNK2001: símbolo externo __imp_glBlendFunc sin resolver
imgui_impl_glfw_gl3.obj : error LNK2019: símbolo externo __imp_glDeleteTextures sin resolver al que se hace referencia en la función "void __cdecl ImGui_ImplGlfwGL3_InvalidateDeviceObjects(void)" (?ImGui_ImplGlfwGL3_InvalidateDeviceObjects@@YAXXZ)
Textures.obj : error LNK2001: símbolo externo __imp_glDeleteTextures sin resolver
imgui_impl_glfw_gl3.obj : error LNK2019: símbolo externo __imp_glDisable sin resolver al que se hace referencia en la función "void __cdecl ImGui_ImplGlfwGL3_RenderDrawData(struct ImDrawData *)" (?ImGui_ImplGlfwGL3_RenderDrawData@@YAXPEAUImDrawData@@@Z)
imgui_impl_glfw_gl3.obj : error LNK2019: símbolo externo __imp_glDrawElements sin resolver al que se hace referencia en la función "void __cdecl ImGui_ImplGlfwGL3_RenderDrawData(struct ImDrawData *)" (?ImGui_ImplGlfwGL3_RenderDrawData@@YAXPEAUImDrawData@@@Z)
Renderer.obj : error LNK2001: símbolo externo __imp_glDrawElements sin resolver
imgui_impl_glfw_gl3.obj : error LNK2019: símbolo externo __imp_glEnable sin resolver al que se hace referencia en la función "void __cdecl ImGui_ImplGlfwGL3_RenderDrawData(struct ImDrawData *)" (?ImGui_ImplGlfwGL3_RenderDrawData@@YAXPEAUImDrawData@@@Z)
App.obj : error LNK2001: símbolo externo __imp_glEnable sin resolver
imgui_impl_glfw_gl3.obj : error LNK2019: símbolo externo __imp_glGenTextures sin resolver al que se hace referencia en la función "bool __cdecl ImGui_ImplGlfwGL3_CreateFontsTexture(void)" (?ImGui_ImplGlfwGL3_CreateFontsTexture@@YA_NXZ)
Textures.obj : error LNK2001: símbolo externo __imp_glGenTextures sin resolver
imgui_impl_glfw_gl3.obj : error LNK2019: símbolo externo __imp_glGetIntegerv sin resolver al que se hace referencia en la función "bool __cdecl ImGui_ImplGlfwGL3_CreateDeviceObjects(void)" (?ImGui_ImplGlfwGL3_CreateDeviceObjects@@YA_NXZ)
imgui_impl_glfw_gl3.obj : error LNK2019: símbolo externo __imp_glIsEnabled sin resolver al que se hace referencia en la función "void __cdecl ImGui_ImplGlfwGL3_RenderDrawData(struct ImDrawData *)" (?ImGui_ImplGlfwGL3_RenderDrawData@@YAXPEAUImDrawData@@@Z)
imgui_impl_glfw_gl3.obj : error LNK2019: símbolo externo __imp_glPixelStorei sin resolver al que se hace referencia en la función "bool __cdecl ImGui_ImplGlfwGL3_CreateFontsTexture(void)" (?ImGui_ImplGlfwGL3_CreateFontsTexture@@YA_NXZ)
imgui_impl_glfw_gl3.obj : error LNK2019: símbolo externo __imp_glPolygonMode sin resolver al que se hace referencia en la función "void __cdecl ImGui_ImplGlfwGL3_RenderDrawData(struct ImDrawData *)" (?ImGui_ImplGlfwGL3_RenderDrawData@@YAXPEAUImDrawData@@@Z)
imgui_impl_glfw_gl3.obj : error LNK2019: símbolo externo __imp_glScissor sin resolver al que se hace referencia en la función "void __cdecl ImGui_ImplGlfwGL3_RenderDrawData(struct ImDrawData *)" (?ImGui_ImplGlfwGL3_RenderDrawData@@YAXPEAUImDrawData@@@Z)
imgui_impl_glfw_gl3.obj : error LNK2019: símbolo externo __imp_glTexImage2D sin resolver al que se hace referencia en la función "bool __cdecl ImGui_ImplGlfwGL3_CreateFontsTexture(void)" (?ImGui_ImplGlfwGL3_CreateFontsTexture@@YA_NXZ)
Textures.obj : error LNK2001: símbolo externo __imp_glTexImage2D sin resolver
imgui_impl_glfw_gl3.obj : error LNK2019: símbolo externo __imp_glTexParameteri sin resolver al que se hace referencia en la función "bool __cdecl ImGui_ImplGlfwGL3_CreateFontsTexture(void)" (?ImGui_ImplGlfwGL3_CreateFontsTexture@@YA_NXZ)
Textures.obj : error LNK2001: símbolo externo __imp_glTexParameteri sin resolver
imgui_impl_glfw_gl3.obj : error LNK2019: símbolo externo __imp_glViewport sin resolver al que se hace referencia en la función "void __cdecl ImGui_ImplGlfwGL3_RenderDrawData(struct ImDrawData *)" (?ImGui_ImplGlfwGL3_RenderDrawData@@YAXPEAUImDrawData@@@Z)
imgui_impl_glfw_gl3.obj : error LNK2019: símbolo externo glfwGetWindowSize sin resolver al que se hace referencia en la función "void __cdecl ImGui_ImplGlfwGL3_NewFrame(void)" (?ImGui_ImplGlfwGL3_NewFrame@@YAXXZ)
imgui_impl_glfw_gl3.obj : error LNK2019: símbolo externo glfwGetFramebufferSize sin resolver al que se hace referencia en la función "void __cdecl ImGui_ImplGlfwGL3_NewFrame(void)" (?ImGui_ImplGlfwGL3_NewFrame@@YAXXZ)
imgui_impl_glfw_gl3.obj : error LNK2019: símbolo externo glfwGetWindowAttrib sin resolver al que se hace referencia en la función "void __cdecl ImGui_ImplGlfwGL3_NewFrame(void)" (?ImGui_ImplGlfwGL3_NewFrame@@YAXXZ)
imgui_impl_glfw_gl3.obj : error LNK2019: símbolo externo glfwGetInputMode sin resolver al que se hace referencia en la función "void __cdecl ImGui_ImplGlfwGL3_NewFrame(void)" (?ImGui_ImplGlfwGL3_NewFrame@@YAXXZ)
imgui_impl_glfw_gl3.obj : error LNK2019: símbolo externo glfwSetInputMode sin resolver al que se hace referencia en la función "void __cdecl ImGui_ImplGlfwGL3_NewFrame(void)" (?ImGui_ImplGlfwGL3_NewFrame@@YAXXZ)
imgui_impl_glfw_gl3.obj : error LNK2019: símbolo externo glfwGetMouseButton sin resolver al que se hace referencia en la función "void __cdecl ImGui_ImplGlfwGL3_NewFrame(void)" (?ImGui_ImplGlfwGL3_NewFrame@@YAXXZ)
imgui_impl_glfw_gl3.obj : error LNK2019: símbolo externo glfwGetCursorPos sin resolver al que se hace referencia en la función "void __cdecl ImGui_ImplGlfwGL3_NewFrame(void)" (?ImGui_ImplGlfwGL3_NewFrame@@YAXXZ)
imgui_impl_glfw_gl3.obj : error LNK2019: símbolo externo glfwSetCursorPos sin resolver al que se hace referencia en la función "void __cdecl ImGui_ImplGlfwGL3_NewFrame(void)" (?ImGui_ImplGlfwGL3_NewFrame@@YAXXZ)
imgui_impl_glfw_gl3.obj : error LNK2019: símbolo externo glfwCreateStandardCursor sin resolver al que se hace referencia en la función "bool __cdecl ImGui_ImplGlfwGL3_Init(struct GLFWwindow *,bool,char const *)" (?ImGui_ImplGlfwGL3_Init@@YA_NPEAUGLFWwindow@@_NPEBD@Z)
imgui_impl_glfw_gl3.obj : error LNK2019: símbolo externo glfwDestroyCursor sin resolver al que se hace referencia en la función "void __cdecl ImGui_ImplGlfwGL3_Shutdown(void)" (?ImGui_ImplGlfwGL3_Shutdown@@YAXXZ)
imgui_impl_glfw_gl3.obj : error LNK2019: símbolo externo glfwSetCursor sin resolver al que se hace referencia en la función "void __cdecl ImGui_ImplGlfwGL3_NewFrame(void)" (?ImGui_ImplGlfwGL3_NewFrame@@YAXXZ)
imgui_impl_glfw_gl3.obj : error LNK2019: símbolo externo glfwSetKeyCallback sin resolver al que se hace referencia en la función "void __cdecl ImGui_ImplGlfw_InstallCallbacks(struct GLFWwindow *)" (?ImGui_ImplGlfw_InstallCallbacks@@YAXPEAUGLFWwindow@@@Z)
imgui_impl_glfw_gl3.obj : error LNK2019: símbolo externo glfwSetCharCallback sin resolver al que se hace referencia en la función "void __cdecl ImGui_ImplGlfw_InstallCallbacks(struct GLFWwindow *)" (?ImGui_ImplGlfw_InstallCallbacks@@YAXPEAUGLFWwindow@@@Z)
imgui_impl_glfw_gl3.obj : error LNK2019: símbolo externo glfwSetMouseButtonCallback sin resolver al que se hace referencia en la función "void __cdecl ImGui_ImplGlfw_InstallCallbacks(struct GLFWwindow *)" (?ImGui_ImplGlfw_InstallCallbacks@@YAXPEAUGLFWwindow@@@Z)
imgui_impl_glfw_gl3.obj : error LNK2019: símbolo externo glfwSetScrollCallback sin resolver al que se hace referencia en la función "void __cdecl ImGui_ImplGlfw_InstallCallbacks(struct GLFWwindow *)" (?ImGui_ImplGlfw_InstallCallbacks@@YAXPEAUGLFWwindow@@@Z)
imgui_impl_glfw_gl3.obj : error LNK2019: símbolo externo glfwGetJoystickAxes sin resolver al que se hace referencia en la función "void __cdecl ImGui_ImplGlfwGL3_NewFrame(void)" (?ImGui_ImplGlfwGL3_NewFrame@@YAXXZ)
imgui_impl_glfw_gl3.obj : error LNK2019: símbolo externo glfwGetJoystickButtons sin resolver al que se hace referencia en la función "void __cdecl ImGui_ImplGlfwGL3_NewFrame(void)" (?ImGui_ImplGlfwGL3_NewFrame@@YAXXZ)
imgui_impl_glfw_gl3.obj : error LNK2019: símbolo externo glfwSetClipboardString sin resolver al que se hace referencia en la función "void __cdecl ImGui_ImplGlfwGL3_SetClipboardText(void *,char const *)" (?ImGui_ImplGlfwGL3_SetClipboardText@@YAXPEAXPEBD@Z)
imgui_impl_glfw_gl3.obj : error LNK2019: símbolo externo glfwGetClipboardString sin resolver al que se hace referencia en la función "char const * __cdecl ImGui_ImplGlfwGL3_GetClipboardText(void *)" (?ImGui_ImplGlfwGL3_GetClipboardText@@YAPEBDPEAX@Z)
imgui_impl_glfw_gl3.obj : error LNK2019: símbolo externo glfwGetTime sin resolver al que se hace referencia en la función "void __cdecl ImGui_ImplGlfwGL3_NewFrame(void)" (?ImGui_ImplGlfwGL3_NewFrame@@YAXXZ)
imgui_impl_glfw_gl3.obj : error LNK2019: símbolo externo glfwGetWin32Window sin resolver al que se hace referencia en la función "bool __cdecl ImGui_ImplGlfwGL3_Init(struct GLFWwindow *,bool,char const *)" (?ImGui_ImplGlfwGL3_Init@@YA_NPEAUGLFWwindow@@_NPEBD@Z)
imgui_impl_glfw_gl3.obj : error LNK2019: símbolo externo __imp___glewActiveTexture sin resolver al que se hace referencia en la función "void __cdecl ImGui_ImplGlfwGL3_RenderDrawData(struct ImDrawData *)" (?ImGui_ImplGlfwGL3_RenderDrawData@@YAXPEAUImDrawData@@@Z)
Textures.obj : error LNK2001: símbolo externo __imp___glewActiveTexture sin resolver
imgui_impl_glfw_gl3.obj : error LNK2019: símbolo externo __imp___glewBlendEquation sin resolver al que se hace referencia en la función "void __cdecl ImGui_ImplGlfwGL3_RenderDrawData(struct ImDrawData *)" (?ImGui_ImplGlfwGL3_RenderDrawData@@YAXPEAUImDrawData@@@Z)
imgui_impl_glfw_gl3.obj : error LNK2019: símbolo externo __imp___glewBlendFuncSeparate sin resolver al que se hace referencia en la función "void __cdecl ImGui_ImplGlfwGL3_RenderDrawData(struct ImDrawData *)" (?ImGui_ImplGlfwGL3_RenderDrawData@@YAXPEAUImDrawData@@@Z)
imgui_impl_glfw_gl3.obj : error LNK2019: símbolo externo __imp___glewBindBuffer sin resolver al que se hace referencia en la función "bool __cdecl ImGui_ImplGlfwGL3_CreateDeviceObjects(void)" (?ImGui_ImplGlfwGL3_CreateDeviceObjects@@YA_NXZ)
IndexBuffer.obj : error LNK2001: símbolo externo __imp___glewBindBuffer sin resolver
VertexBuffer.obj : error LNK2001: símbolo externo __imp___glewBindBuffer sin resolver
imgui_impl_glfw_gl3.obj : error LNK2019: símbolo externo __imp___glewBufferData sin resolver al que se hace referencia en la función "void __cdecl ImGui_ImplGlfwGL3_RenderDrawData(struct ImDrawData *)" (?ImGui_ImplGlfwGL3_RenderDrawData@@YAXPEAUImDrawData@@@Z)
IndexBuffer.obj : error LNK2001: símbolo externo __imp___glewBufferData sin resolver
VertexBuffer.obj : error LNK2001: símbolo externo __imp___glewBufferData sin resolver
imgui_impl_glfw_gl3.obj : error LNK2019: símbolo externo __imp___glewDeleteBuffers sin resolver al que se hace referencia en la función "void __cdecl ImGui_ImplGlfwGL3_InvalidateDeviceObjects(void)" (?ImGui_ImplGlfwGL3_InvalidateDeviceObjects@@YAXXZ)
IndexBuffer.obj : error LNK2001: símbolo externo __imp___glewDeleteBuffers sin resolver
VertexBuffer.obj : error LNK2001: símbolo externo __imp___glewDeleteBuffers sin resolver
imgui_impl_glfw_gl3.obj : error LNK2019: símbolo externo __imp___glewGenBuffers sin resolver al que se hace referencia en la función "bool __cdecl ImGui_ImplGlfwGL3_CreateDeviceObjects(void)" (?ImGui_ImplGlfwGL3_CreateDeviceObjects@@YA_NXZ)
IndexBuffer.obj : error LNK2001: símbolo externo __imp___glewGenBuffers sin resolver
VertexBuffer.obj : error LNK2001: símbolo externo __imp___glewGenBuffers sin resolver
imgui_impl_glfw_gl3.obj : error LNK2019: símbolo externo __imp___glewAttachShader sin resolver al que se hace referencia en la función "bool __cdecl ImGui_ImplGlfwGL3_CreateDeviceObjects(void)" (?ImGui_ImplGlfwGL3_CreateDeviceObjects@@YA_NXZ)
Shaders.obj : error LNK2001: símbolo externo __imp___glewAttachShader sin resolver
imgui_impl_glfw_gl3.obj : error LNK2019: símbolo externo __imp___glewBlendEquationSeparate sin resolver al que se hace referencia en la función "void __cdecl ImGui_ImplGlfwGL3_RenderDrawData(struct ImDrawData *)" (?ImGui_ImplGlfwGL3_RenderDrawData@@YAXPEAUImDrawData@@@Z)
imgui_impl_glfw_gl3.obj : error LNK2019: símbolo externo __imp___glewCompileShader sin resolver al que se hace referencia en la función "bool __cdecl ImGui_ImplGlfwGL3_CreateDeviceObjects(void)" (?ImGui_ImplGlfwGL3_CreateDeviceObjects@@YA_NXZ)
Shaders.obj : error LNK2001: símbolo externo __imp___glewCompileShader sin resolver
imgui_impl_glfw_gl3.obj : error LNK2019: símbolo externo __imp___glewCreateProgram sin resolver al que se hace referencia en la función "bool __cdecl ImGui_ImplGlfwGL3_CreateDeviceObjects(void)" (?ImGui_ImplGlfwGL3_CreateDeviceObjects@@YA_NXZ)
Shaders.obj : error LNK2001: símbolo externo __imp___glewCreateProgram sin resolver
imgui_impl_glfw_gl3.obj : error LNK2019: símbolo externo __imp___glewCreateShader sin resolver al que se hace referencia en la función "bool __cdecl ImGui_ImplGlfwGL3_CreateDeviceObjects(void)" (?ImGui_ImplGlfwGL3_CreateDeviceObjects@@YA_NXZ)
Shaders.obj : error LNK2001: símbolo externo __imp___glewCreateShader sin resolver
imgui_impl_glfw_gl3.obj : error LNK2019: símbolo externo __imp___glewDeleteProgram sin resolver al que se hace referencia en la función "void __cdecl ImGui_ImplGlfwGL3_InvalidateDeviceObjects(void)" (?ImGui_ImplGlfwGL3_InvalidateDeviceObjects@@YAXXZ)
Shaders.obj : error LNK2001: símbolo externo __imp___glewDeleteProgram sin resolver
imgui_impl_glfw_gl3.obj : error LNK2019: símbolo externo __imp___glewDeleteShader sin resolver al que se hace referencia en la función "void __cdecl ImGui_ImplGlfwGL3_InvalidateDeviceObjects(void)" (?ImGui_ImplGlfwGL3_InvalidateDeviceObjects@@YAXXZ)
Shaders.obj : error LNK2001: símbolo externo __imp___glewDeleteShader sin resolver
imgui_impl_glfw_gl3.obj : error LNK2019: símbolo externo __imp___glewDetachShader sin resolver al que se hace referencia en la función "void __cdecl ImGui_ImplGlfwGL3_InvalidateDeviceObjects(void)" (?ImGui_ImplGlfwGL3_InvalidateDeviceObjects@@YAXXZ)
imgui_impl_glfw_gl3.obj : error LNK2019: símbolo externo __imp___glewEnableVertexAttribArray sin resolver al que se hace referencia en la función "void __cdecl ImGui_ImplGlfwGL3_RenderDrawData(struct ImDrawData *)" (?ImGui_ImplGlfwGL3_RenderDrawData@@YAXPEAUImDrawData@@@Z)
VertexArray.obj : error LNK2001: símbolo externo __imp___glewEnableVertexAttribArray sin resolver
imgui_impl_glfw_gl3.obj : error LNK2019: símbolo externo __imp___glewGetAttribLocation sin resolver al que se hace referencia en la función "bool __cdecl ImGui_ImplGlfwGL3_CreateDeviceObjects(void)" (?ImGui_ImplGlfwGL3_CreateDeviceObjects@@YA_NXZ)
imgui_impl_glfw_gl3.obj : error LNK2019: símbolo externo __imp___glewGetUniformLocation sin resolver al que se hace referencia en la función "bool __cdecl ImGui_ImplGlfwGL3_CreateDeviceObjects(void)" (?ImGui_ImplGlfwGL3_CreateDeviceObjects@@YA_NXZ)
Shaders.obj : error LNK2001: símbolo externo __imp___glewGetUniformLocation sin resolver
imgui_impl_glfw_gl3.obj : error LNK2019: símbolo externo __imp___glewLinkProgram sin resolver al que se hace referencia en la función "bool __cdecl ImGui_ImplGlfwGL3_CreateDeviceObjects(void)" (?ImGui_ImplGlfwGL3_CreateDeviceObjects@@YA_NXZ)
Shaders.obj : error LNK2001: símbolo externo __imp___glewLinkProgram sin resolver
imgui_impl_glfw_gl3.obj : error LNK2019: símbolo externo __imp___glewShaderSource sin resolver al que se hace referencia en la función "bool __cdecl ImGui_ImplGlfwGL3_CreateDeviceObjects(void)" (?ImGui_ImplGlfwGL3_CreateDeviceObjects@@YA_NXZ)
Shaders.obj : error LNK2001: símbolo externo __imp___glewShaderSource sin resolver
imgui_impl_glfw_gl3.obj : error LNK2019: símbolo externo __imp___glewUniform1i sin resolver al que se hace referencia en la función "void __cdecl ImGui_ImplGlfwGL3_RenderDrawData(struct ImDrawData *)" (?ImGui_ImplGlfwGL3_RenderDrawData@@YAXPEAUImDrawData@@@Z)
Shaders.obj : error LNK2001: símbolo externo __imp___glewUniform1i sin resolver
imgui_impl_glfw_gl3.obj : error LNK2019: símbolo externo __imp___glewUniformMatrix4fv sin resolver al que se hace referencia en la función "void __cdecl ImGui_ImplGlfwGL3_RenderDrawData(struct ImDrawData *)" (?ImGui_ImplGlfwGL3_RenderDrawData@@YAXPEAUImDrawData@@@Z)
Shaders.obj : error LNK2001: símbolo externo __imp___glewUniformMatrix4fv sin resolver
imgui_impl_glfw_gl3.obj : error LNK2019: símbolo externo __imp___glewUseProgram sin resolver al que se hace referencia en la función "void __cdecl ImGui_ImplGlfwGL3_RenderDrawData(struct ImDrawData *)" (?ImGui_ImplGlfwGL3_RenderDrawData@@YAXPEAUImDrawData@@@Z)
Shaders.obj : error LNK2001: símbolo externo __imp___glewUseProgram sin resolver
imgui_impl_glfw_gl3.obj : error LNK2019: símbolo externo __imp___glewVertexAttribPointer sin resolver al que se hace referencia en la función "void __cdecl ImGui_ImplGlfwGL3_RenderDrawData(struct ImDrawData *)" (?ImGui_ImplGlfwGL3_RenderDrawData@@YAXPEAUImDrawData@@@Z)
VertexArray.obj : error LNK2001: símbolo externo __imp___glewVertexAttribPointer sin resolver
imgui_impl_glfw_gl3.obj : error LNK2019: símbolo externo __imp___glewBindSampler sin resolver al que se hace referencia en la función "void __cdecl ImGui_ImplGlfwGL3_RenderDrawData(struct ImDrawData *)" (?ImGui_ImplGlfwGL3_RenderDrawData@@YAXPEAUImDrawData@@@Z)
imgui_impl_glfw_gl3.obj : error LNK2019: símbolo externo __imp___glewBindVertexArray sin resolver al que se hace referencia en la función "bool __cdecl ImGui_ImplGlfwGL3_CreateDeviceObjects(void)" (?ImGui_ImplGlfwGL3_CreateDeviceObjects@@YA_NXZ)
App.obj : error LNK2001: símbolo externo __imp___glewBindVertexArray sin resolver
VertexArray.obj : error LNK2001: símbolo externo __imp___glewBindVertexArray sin resolver
imgui_impl_glfw_gl3.obj : error LNK2019: símbolo externo __imp___glewDeleteVertexArrays sin resolver al que se hace referencia en la función "void __cdecl ImGui_ImplGlfwGL3_RenderDrawData(struct ImDrawData *)" (?ImGui_ImplGlfwGL3_RenderDrawData@@YAXPEAUImDrawData@@@Z)
VertexArray.obj : error LNK2001: símbolo externo __imp___glewDeleteVertexArrays sin resolver
imgui_impl_glfw_gl3.obj : error LNK2019: símbolo externo __imp___glewGenVertexArrays sin resolver al que se hace referencia en la función "void __cdecl ImGui_ImplGlfwGL3_RenderDrawData(struct ImDrawData *)" (?ImGui_ImplGlfwGL3_RenderDrawData@@YAXPEAUImDrawData@@@Z)
App.obj : error LNK2001: símbolo externo __imp___glewGenVertexArrays sin resolver
VertexArray.obj : error LNK2001: símbolo externo __imp___glewGenVertexArrays sin resolver
App.obj : error LNK2019: símbolo externo __imp_glClearColor sin resolver al que se hace referencia en la función main
TestClearColor.obj : error LNK2001: símbolo externo __imp_glClearColor sin resolver
App.obj : error LNK2019: símbolo externo __imp_glGetString sin resolver al que se hace referencia en la función main
App.obj : error LNK2019: símbolo externo __imp_glewInit sin resolver al que se hace referencia en la función main
App.obj : error LNK2019: símbolo externo glfwInit sin resolver al que se hace referencia en la función main
App.obj : error LNK2019: símbolo externo glfwTerminate sin resolver al que se hace referencia en la función main
App.obj : error LNK2019: símbolo externo glfwWindowHint sin resolver al que se hace referencia en la función main
App.obj : error LNK2019: símbolo externo glfwCreateWindow sin resolver al que se hace referencia en la función main
App.obj : error LNK2019: símbolo externo glfwWindowShouldClose sin resolver al que se hace referencia en la función main
App.obj : error LNK2019: símbolo externo glfwPollEvents sin resolver al que se hace referencia en la función main
App.obj : error LNK2019: símbolo externo glfwMakeContextCurrent sin resolver al que se hace referencia en la función main
App.obj : error LNK2019: símbolo externo glfwSwapBuffers sin resolver al que se hace referencia en la función main
App.obj : error LNK2019: símbolo externo glfwSwapInterval sin resolver al que se hace referencia en la función main
Renderer.obj : error LNK2019: símbolo externo __imp_glClear sin resolver al que se hace referencia en la función "public: void __cdecl Renderer::Clear(void)const " (?Clear@Renderer@@QEBAXXZ)
TestClearColor.obj : error LNK2001: símbolo externo __imp_glClear sin resolver
Renderer.obj : error LNK2019: símbolo externo __imp_glGetError sin resolver al que se hace referencia en la función "void __cdecl GLClearError(void)" (?GLClearError@@YAXXZ)
Shaders.obj : error LNK2019: símbolo externo __imp___glewGetShaderInfoLog sin resolver al que se hace referencia en la función "private: unsigned int __cdecl Shaders::CompileShader(unsigned int,class std::basic_string<char,struct std::char_traits<char>,class std::allocator<char> > const &)" (?CompileShader@Shaders@@AEAAIIAEBV?$basic_string@DU?$char_traits@D@std@@V?$allocator@D@2@@std@@@Z)
Shaders.obj : error LNK2019: símbolo externo __imp___glewGetShaderiv sin resolver al que se hace referencia en la función "private: unsigned int __cdecl Shaders::CompileShader(unsigned int,class std::basic_string<char,struct std::char_traits<char>,class std::allocator<char> > const &)" (?CompileShader@Shaders@@AEAAIIAEBV?$basic_string@DU?$char_traits@D@std@@V?$allocator@D@2@@std@@@Z)
Shaders.obj : error LNK2019: símbolo externo __imp___glewUniform1f sin resolver al que se hace referencia en la función "public: void __cdecl Shaders::SetUniform1f(class std::basic_string<char,struct std::char_traits<char>,class std::allocator<char> > const &,float)" (?SetUniform1f@Shaders@@QEAAXAEBV?$basic_string@DU?$char_traits@D@std@@V?$allocator@D@2@@std@@M@Z)
Shaders.obj : error LNK2019: símbolo externo __imp___glewUniform4f sin resolver al que se hace referencia en la función "public: void __cdecl Shaders::SetUniform4f(class std::basic_string<char,struct std::char_traits<char>,class std::allocator<char> > const &,float,float,float,float)" (?SetUniform4f@Shaders@@QEAAXAEBV?$basic_string@DU?$char_traits@D@std@@V?$allocator@D@2@@std@@MMMM@Z)
Shaders.obj : error LNK2019: símbolo externo __imp___glewValidateProgram sin resolver al que se hace referencia en la función "private: unsigned int __cdecl Shaders::CreateShader(class std::basic_string<char,struct std::char_traits<char>,class std::allocator<char> > const &,class std::basic_string<char,struct std::char_traits<char>,class std::allocator<char> > const &)" (?CreateShader@Shaders@@AEAAIAEBV?$basic_string@DU?$char_traits@D@std@@V?$allocator@D@2@@std@@0@Z)
C:\Users\juang\Desktop\Test\OpenGL-Project-1\x64\Debug\OpenGL1.exe : fatal error LNK1120: 83 externos sin resolver
